<?xml version="1.0" encoding="UTF-8"?>
<testng-results skipped="0" failed="0" ignored="0" total="1" passed="1">
  <reporter-output>
  </reporter-output>
  <suite name="Suite" duration-ms="45496" started-at="2020-08-25T10:09:11Z" finished-at="2020-08-25T10:09:56Z">
    <groups>
    </groups>
    <test name="Test" duration-ms="45496" started-at="2020-08-25T10:09:11Z" finished-at="2020-08-25T10:09:56Z">
      <class name="com.testtravel.testpolicy">
        <test-method status="PASS" signature="start()[pri:0, instance:com.testtravel.testpolicy@598067a5]" name="start" is-config="true" duration-ms="12785" started-at="2020-08-25T10:09:11Z" finished-at="2020-08-25T10:09:23Z">
          <reporter-output>
          </reporter-output>
        </test-method> <!-- start -->
        <test-method status="PASS" signature="testing()[pri:0, instance:com.testtravel.testpolicy@598067a5]" name="testing" duration-ms="30838" started-at="2020-08-25T10:09:23Z" finished-at="2020-08-25T10:09:54Z">
          <reporter-output>
          </reporter-output>
        </test-method> <!-- testing -->
        <test-method status="PASS" signature="closeapp()[pri:0, instance:com.testtravel.testpolicy@598067a5]" name="closeapp" is-config="true" duration-ms="1807" started-at="2020-08-25T10:09:54Z" finished-at="2020-08-25T10:09:56Z">
          <reporter-output>
          </reporter-output>
        </test-method> <!-- closeapp -->
      </class> <!-- com.testtravel.testpolicy -->
    </test> <!-- Test -->
  </suite> <!-- Suite -->
</testng-results>
